#
# There is insufficient memory for the Java Runtime Environment to continue.
# Native memory allocation (malloc) failed to allocate 36976 bytes for Chunk::new
# Possible reasons:
#   The system is out of physical RAM or swap space
#   The process is running with CompressedOops enabled, and the Java Heap may be blocking the growth of the native heap
# Possible solutions:
#   Reduce memory load on the system
#   Increase physical memory or swap space
#   Check if swap backing store is full
#   Decrease Java heap size (-Xmx/-Xms)
#   Decrease number of Java threads
#   Decrease Java thread stack sizes (-Xss)
#   Set larger code cache with -XX:ReservedCodeCacheSize=
#   JVM is running with Unscaled Compressed Oops mode in which the Java heap is
#     placed in the first 4GB address space. The Java Heap base address is the
#     maximum limit for the native heap growth. Please use -XX:HeapBaseMinAddress
#     to set the Java Heap base and to place the Java Heap above 4GB virtual address.
# This output file may be truncated or incomplete.
#
#  Out of Memory Error (./src/hotspot/share/memory/arena.cpp:197), pid=25892, tid=6976
#
# JRE version: OpenJDK Runtime Environment (11.0.13) (build 11.0.13+0-b1751.21-8125866)
# Java VM: OpenJDK 64-Bit Server VM (11.0.13+0-b1751.21-8125866, mixed mode, tiered, compressed oops, g1 gc, windows-amd64)
# No core dump will be written. Minidumps are not enabled by default on client versions of Windows
#

---------------  S U M M A R Y ------------

Command Line: 

Host: AMD Ryzen 5 5600H with Radeon Graphics         , 12 cores, 7G,  Windows 11 , 64 bit Build 22621 (10.0.22621.1778)
Time: Sun Jul  9 21:52:19 2023 India Standard Time elapsed time: 0.138803 seconds (0d 0h 0m 0s)

---------------  T H R E A D  ---------------

Current thread (0x000001cf5499d000):  JavaThread "C2 CompilerThread0" daemon [_thread_in_native, id=6976, stack(0x000000c806d00000,0x000000c806e00000)]


Current CompileTask:
C2:    138   76       4       java.lang.String::hashCode (49 bytes)

Stack: [0x000000c806d00000,0x000000c806e00000]
Native frames: (J=compiled Java code, j=interpreted, Vv=VM code, C=native code)
V  [jvm.dll+0x6100fa]
V  [jvm.dll+0x747090]
V  [jvm.dll+0x7486ad]
V  [jvm.dll+0x748d83]
V  [jvm.dll+0x24ab48]
V  [jvm.dll+0xc04dc]
V  [jvm.dll+0xc0a0c]
V  [jvm.dll+0x35eb9d]
V  [jvm.dll+0x32b833]
V  [jvm.dll+0x32ad2a]
V  [jvm.dll+0x2032b2]
V  [jvm.dll+0x202437]
V  [jvm.dll+0x188e01]
V  [jvm.dll+0x21106b]
V  [jvm.dll+0x20f8c1]
V  [jvm.dll+0x70de0f]
V  [jvm.dll+0x706a75]
V  [jvm.dll+0x60ed66]
C  [ucrtbase.dll+0x29363]
C  [KERNEL32.DLL+0x126ad]
C  [ntdll.dll+0x5a9f8]


---------------  P R O C E S S  ---------------

Threads class SMR info:
_java_thread_list=0x000001cf54add970, length=9, elements={
0x000001cf5400d000, 0x000001cf54018000, 0x000001cf54998800, 0x000001cf54999800,
0x000001cf5499b800, 0x000001cf5499d000, 0x000001cf549a1000, 0x000001cf54038000,
0x000001cf39d2f800
}

Java Threads: ( => current thread )
  0x000001cf5400d000 JavaThread "Reference Handler" daemon [_thread_blocked, id=16928, stack(0x000000c806800000,0x000000c806900000)]
  0x000001cf54018000 JavaThread "Finalizer" daemon [_thread_blocked, id=16916, stack(0x000000c806900000,0x000000c806a00000)]
  0x000001cf54998800 JavaThread "Signal Dispatcher" daemon [_thread_blocked, id=20804, stack(0x000000c806a00000,0x000000c806b00000)]
  0x000001cf54999800 JavaThread "Attach Listener" daemon [_thread_blocked, id=2200, stack(0x000000c806b00000,0x000000c806c00000)]
  0x000001cf5499b800 JavaThread "Service Thread" daemon [_thread_blocked, id=16620, stack(0x000000c806c00000,0x000000c806d00000)]
=>0x000001cf5499d000 JavaThread "C2 CompilerThread0" daemon [_thread_in_native, id=6976, stack(0x000000c806d00000,0x000000c806e00000)]
  0x000001cf549a1000 JavaThread "C1 CompilerThread0" daemon [_thread_blocked, id=20580, stack(0x000000c806e00000,0x000000c806f00000)]
  0x000001cf54038000 JavaThread "Sweeper thread" daemon [_thread_blocked, id=11352, stack(0x000000c806f00000,0x000000c807000000)]
  0x000001cf39d2f800 JavaThread "DestroyJavaVM" [_thread_blocked, id=16032, stack(0x000000c806100000,0x000000c806200000)]

Other Threads:
  0x000001cf5400b800 VMThread "VM Thread" [stack: 0x000000c806700000,0x000000c806800000] [id=18740]
  0x000001cf54afb800 WatcherThread [stack: 0x000000c807000000,0x000000c807100000] [id=20728]
  0x000001cf37c1b000 GCTaskThread "GC Thread#0" [stack: 0x000000c806200000,0x000000c806300000] [id=24620]
  0x000001cf39d71000 ConcurrentGCThread "G1 Main Marker" [stack: 0x000000c806300000,0x000000c806400000] [id=17312]
  0x000001cf39d74000 ConcurrentGCThread "G1 Conc#0" [stack: 0x000000c806400000,0x000000c806500000] [id=23416]
  0x000001cf53e50800 ConcurrentGCThread "G1 Refine#0" [stack: 0x000000c806500000,0x000000c806600000] [id=1668]
  0x000001cf53e51000 ConcurrentGCThread "G1 Young RemSet Sampling" [stack: 0x000000c806600000,0x000000c806700000] [id=19104]

Threads with active compile tasks:
C2 CompilerThread0    155   76       4       java.lang.String::hashCode (49 bytes)

VM state:not at safepoint (normal execution)

VM Mutex/Monitor currently owned by a thread: None

Heap address: 0x000000008a600000, size: 1882 MB, Compressed Oops mode: 32-bit
Narrow klass base: 0x0000000000000000, Narrow klass shift: 3
Compressed class space size: 1073741824 Address: 0x0000000100000000

Heap:
 garbage-first heap   total 120832K, used 1024K [0x000000008a600000, 0x0000000100000000)
  region size 1024K, 2 young (2048K), 0 survivors (0K)
 Metaspace       used 3223K, capacity 4480K, committed 4480K, reserved 1056768K
  class space    used 275K, capacity 384K, committed 384K, reserved 1048576K
Heap Regions: E=young(eden), S=young(survivor), O=old, HS=humongous(starts), HC=humongous(continues), CS=collection set, F=free, A=archive, TAMS=top-at-mark-start (previous, next)
|   0|0x000000008a600000, 0x000000008a600000, 0x000000008a700000|  0%| F|  |TAMS 0x000000008a600000, 0x000000008a600000| Untracked 
|   1|0x000000008a700000, 0x000000008a700000, 0x000000008a800000|  0%| F|  |TAMS 0x000000008a700000, 0x000000008a700000| Untracked 
|   2|0x000000008a800000, 0x000000008a800000, 0x000000008a900000|  0%| F|  |TAMS 0x000000008a800000, 0x000000008a800000| Untracked 
|   3|0x000000008a900000, 0x000000008a900000, 0x000000008aa00000|  0%| F|  |TAMS 0x000000008a900000, 0x000000008a900000| Untracked 
|   4|0x000000008aa00000, 0x000000008aa00000, 0x000000008ab00000|  0%| F|  |TAMS 0x000000008aa00000, 0x000000008aa00000| Untracked 
|   5|0x000000008ab00000, 0x000000008ab00000, 0x000000008ac00000|  0%| F|  |TAMS 0x000000008ab00000, 0x000000008ab00000| Untracked 
|   6|0x000000008ac00000, 0x000000008ac00000, 0x000000008ad00000|  0%| F|  |TAMS 0x000000008ac00000, 0x000000008ac00000| Untracked 
|   7|0x000000008ad00000, 0x000000008ad00000, 0x000000008ae00000|  0%| F|  |TAMS 0x000000008ad00000, 0x000000008ad00000| Untracked 
|   8|0x000000008ae00000, 0x000000008ae00000, 0x000000008af00000|  0%| F|  |TAMS 0x000000008ae00000, 0x000000008ae00000| Untracked 
|   9|0x000000008af00000, 0x000000008af00000, 0x000000008b000000|  0%| F|  |TAMS 0x000000008af00000, 0x000000008af00000| Untracked 
|  10|0x000000008b000000, 0x000000008b000000, 0x000000008b100000|  0%| F|  |TAMS 0x000000008b000000, 0x000000008b000000| Untracked 
|  11|0x000000008b100000, 0x000000008b100000, 0x000000008b200000|  0%| F|  |TAMS 0x000000008b100000, 0x000000008b100000| Untracked 
|  12|0x000000008b200000, 0x000000008b200000, 0x000000008b300000|  0%| F|  |TAMS 0x000000008b200000, 0x000000008b200000| Untracked 
|  13|0x000000008b300000, 0x000000008b300000, 0x000000008b400000|  0%| F|  |TAMS 0x000000008b300000, 0x000000008b300000| Untracked 
|  14|0x000000008b400000, 0x000000008b400000, 0x000000008b500000|  0%| F|  |TAMS 0x000000008b400000, 0x000000008b400000| Untracked 
|  15|0x000000008b500000, 0x000000008b500000, 0x000000008b600000|  0%| F|  |TAMS 0x000000008b500000, 0x000000008b500000| Untracked 
|  16|0x000000008b600000, 0x000000008b600000, 0x000000008b700000|  0%| F|  |TAMS 0x000000008b600000, 0x000000008b600000| Untracked 
|  17|0x000000008b700000, 0x000000008b700000, 0x000000008b800000|  0%| F|  |TAMS 0x000000008b700000, 0x000000008b700000| Untracked 
|  18|0x000000008b800000, 0x000000008b800000, 0x000000008b900000|  0%| F|  |TAMS 0x000000008b800000, 0x000000008b800000| Untracked 
|  19|0x000000008b900000, 0x000000008b900000, 0x000000008ba00000|  0%| F|  |TAMS 0x000000008b900000, 0x000000008b900000| Untracked 
|  20|0x000000008ba00000, 0x000000008ba00000, 0x000000008bb00000|  0%| F|  |TAMS 0x000000008ba00000, 0x000000008ba00000| Untracked 
|  21|0x000000008bb00000, 0x000000008bb00000, 0x000000008bc00000|  0%| F|  |TAMS 0x000000008bb00000, 0x000000008bb00000| Untracked 
|  22|0x000000008bc00000, 0x000000008bc00000, 0x000000008bd00000|  0%| F|  |TAMS 0x000000008bc00000, 0x000000008bc00000| Untracked 
|  23|0x000000008bd00000, 0x000000008bd00000, 0x000000008be00000|  0%| F|  |TAMS 0x000000008bd00000, 0x000000008bd00000| Untracked 
|  24|0x000000008be00000, 0x000000008be00000, 0x000000008bf00000|  0%| F|  |TAMS 0x000000008be00000, 0x000000008be00000| Untracked 
|  25|0x000000008bf00000, 0x000000008bf00000, 0x000000008c000000|  0%| F|  |TAMS 0x000000008bf00000, 0x000000008bf00000| Untracked 
|  26|0x000000008c000000, 0x000000008c000000, 0x000000008c100000|  0%| F|  |TAMS 0x000000008c000000, 0x000000008c000000| Untracked 
|  27|0x000000008c100000, 0x000000008c100000, 0x000000008c200000|  0%| F|  |TAMS 0x000000008c100000, 0x000000008c100000| Untracked 
|  28|0x000000008c200000, 0x000000008c200000, 0x000000008c300000|  0%| F|  |TAMS 0x000000008c200000, 0x000000008c200000| Untracked 
|  29|0x000000008c300000, 0x000000008c300000, 0x000000008c400000|  0%| F|  |TAMS 0x000000008c300000, 0x000000008c300000| Untracked 
|  30|0x000000008c400000, 0x000000008c400000, 0x000000008c500000|  0%| F|  |TAMS 0x000000008c400000, 0x000000008c400000| Untracked 
|  31|0x000000008c500000, 0x000000008c500000, 0x000000008c600000|  0%| F|  |TAMS 0x000000008c500000, 0x000000008c500000| Untracked 
|  32|0x000000008c600000, 0x000000008c600000, 0x000000008c700000|  0%| F|  |TAMS 0x000000008c600000, 0x000000008c600000| Untracked 
|  33|0x000000008c700000, 0x000000008c700000, 0x000000008c800000|  0%| F|  |TAMS 0x000000008c700000, 0x000000008c700000| Untracked 
|  34|0x000000008c800000, 0x000000008c800000, 0x000000008c900000|  0%| F|  |TAMS 0x000000008c800000, 0x000000008c800000| Untracked 
|  35|0x000000008c900000, 0x000000008c900000, 0x000000008ca00000|  0%| F|  |TAMS 0x000000008c900000, 0x000000008c900000| Untracked 
|  36|0x000000008ca00000, 0x000000008ca00000, 0x000000008cb00000|  0%| F|  |TAMS 0x000000008ca00000, 0x000000008ca00000| Untracked 
|  37|0x000000008cb00000, 0x000000008cb00000, 0x000000008cc00000|  0%| F|  |TAMS 0x000000008cb00000, 0x000000008cb00000| Untracked 
|  38|0x000000008cc00000, 0x000000008cc00000, 0x000000008cd00000|  0%| F|  |TAMS 0x000000008cc00000, 0x000000008cc00000| Untracked 
|  39|0x000000008cd00000, 0x000000008cd00000, 0x000000008ce00000|  0%| F|  |TAMS 0x000000008cd00000, 0x000000008cd00000| Untracked 
|  40|0x000000008ce00000, 0x000000008ce00000, 0x000000008cf00000|  0%| F|  |TAMS 0x000000008ce00000, 0x000000008ce00000| Untracked 
|  41|0x000000008cf00000, 0x000000008cf00000, 0x000000008d000000|  0%| F|  |TAMS 0x000000008cf00000, 0x000000008cf00000| Untracked 
|  42|0x000000008d000000, 0x000000008d000000, 0x000000008d100000|  0%| F|  |TAMS 0x000000008d000000, 0x000000008d000000| Untracked 
|  43|0x000000008d100000, 0x000000008d100000, 0x000000008d200000|  0%| F|  |TAMS 0x000000008d100000, 0x000000008d100000| Untracked 
|  44|0x000000008d200000, 0x000000008d200000, 0x000000008d300000|  0%| F|  |TAMS 0x000000008d200000, 0x000000008d200000| Untracked 
|  45|0x000000008d300000, 0x000000008d300000, 0x000000008d400000|  0%| F|  |TAMS 0x000000008d300000, 0x000000008d300000| Untracked 
|  46|0x000000008d400000, 0x000000008d400000, 0x000000008d500000|  0%| F|  |TAMS 0x000000008d400000, 0x000000008d400000| Untracked 
|  47|0x000000008d500000, 0x000000008d500000, 0x000000008d600000|  0%| F|  |TAMS 0x000000008d500000, 0x000000008d500000| Untracked 
|  48|0x000000008d600000, 0x000000008d600000, 0x000000008d700000|  0%| F|  |TAMS 0x000000008d600000, 0x000000008d600000| Untracked 
|  49|0x000000008d700000, 0x000000008d700000, 0x000000008d800000|  0%| F|  |TAMS 0x000000008d700000, 0x000000008d700000| Untracked 
|  50|0x000000008d800000, 0x000000008d800000, 0x000000008d900000|  0%| F|  |TAMS 0x000000008d800000, 0x000000008d800000| Untracked 
|  51|0x000000008d900000, 0x000000008d900000, 0x000000008da00000|  0%| F|  |TAMS 0x000000008d900000, 0x000000008d900000| Untracked 
|  52|0x000000008da00000, 0x000000008da00000, 0x000000008db00000|  0%| F|  |TAMS 0x000000008da00000, 0x000000008da00000| Untracked 
|  53|0x000000008db00000, 0x000000008db00000, 0x000000008dc00000|  0%| F|  |TAMS 0x000000008db00000, 0x000000008db00000| Untracked 
|  54|0x000000008dc00000, 0x000000008dc00000, 0x000000008dd00000|  0%| F|  |TAMS 0x000000008dc00000, 0x000000008dc00000| Untracked 
|  55|0x000000008dd00000, 0x000000008dd00000, 0x000000008de00000|  0%| F|  |TAMS 0x000000008dd00000, 0x000000008dd00000| Untracked 
|  56|0x000000008de00000, 0x000000008de00000, 0x000000008df00000|  0%| F|  |TAMS 0x000000008de00000, 0x000000008de00000| Untracked 
|  57|0x000000008df00000, 0x000000008df00000, 0x000000008e000000|  0%| F|  |TAMS 0x000000008df00000, 0x000000008df00000| Untracked 
|  58|0x000000008e000000, 0x000000008e000000, 0x000000008e100000|  0%| F|  |TAMS 0x000000008e000000, 0x000000008e000000| Untracked 
|  59|0x000000008e100000, 0x000000008e100000, 0x000000008e200000|  0%| F|  |TAMS 0x000000008e100000, 0x000000008e100000| Untracked 
|  60|0x000000008e200000, 0x000000008e200000, 0x000000008e300000|  0%| F|  |TAMS 0x000000008e200000, 0x000000008e200000| Untracked 
|  61|0x000000008e300000, 0x000000008e300000, 0x000000008e400000|  0%| F|  |TAMS 0x000000008e300000, 0x000000008e300000| Untracked 
|  62|0x000000008e400000, 0x000000008e400000, 0x000000008e500000|  0%| F|  |TAMS 0x000000008e400000, 0x000000008e400000| Untracked 
|  63|0x000000008e500000, 0x000000008e500000, 0x000000008e600000|  0%| F|  |TAMS 0x000000008e500000, 0x000000008e500000| Untracked 
|  64|0x000000008e600000, 0x000000008e600000, 0x000000008e700000|  0%| F|  |TAMS 0x000000008e600000, 0x000000008e600000| Untracked 
|  65|0x000000008e700000, 0x000000008e700000, 0x000000008e800000|  0%| F|  |TAMS 0x000000008e700000, 0x000000008e700000| Untracked 
|  66|0x000000008e800000, 0x000000008e800000, 0x000000008e900000|  0%| F|  |TAMS 0x000000008e800000, 0x000000008e800000| Untracked 
|  67|0x000000008e900000, 0x000000008e900000, 0x000000008ea00000|  0%| F|  |TAMS 0x000000008e900000, 0x000000008e900000| Untracked 
|  68|0x000000008ea00000, 0x000000008ea00000, 0x000000008eb00000|  0%| F|  |TAMS 0x000000008ea00000, 0x000000008ea00000| Untracked 
|  69|0x000000008eb00000, 0x000000008eb00000, 0x000000008ec00000|  0%| F|  |TAMS 0x000000008eb00000, 0x000000008eb00000| Untracked 
|  70|0x000000008ec00000, 0x000000008ec00000, 0x000000008ed00000|  0%| F|  |TAMS 0x000000008ec00000, 0x000000008ec00000| Untracked 
|  71|0x000000008ed00000, 0x000000008ed00000, 0x000000008ee00000|  0%| F|  |TAMS 0x000000008ed00000, 0x000000008ed00000| Untracked 
|  72|0x000000008ee00000, 0x000000008ee00000, 0x000000008ef00000|  0%| F|  |TAMS 0x000000008ee00000, 0x000000008ee00000| Untracked 
|  73|0x000000008ef00000, 0x000000008ef00000, 0x000000008f000000|  0%| F|  |TAMS 0x000000008ef00000, 0x000000008ef00000| Untracked 
|  74|0x000000008f000000, 0x000000008f000000, 0x000000008f100000|  0%| F|  |TAMS 0x000000008f000000, 0x000000008f000000| Untracked 
|  75|0x000000008f100000, 0x000000008f100000, 0x000000008f200000|  0%| F|  |TAMS 0x000000008f100000, 0x000000008f100000| Untracked 
|  76|0x000000008f200000, 0x000000008f200000, 0x000000008f300000|  0%| F|  |TAMS 0x000000008f200000, 0x000000008f200000| Untracked 
|  77|0x000000008f300000, 0x000000008f300000, 0x000000008f400000|  0%| F|  |TAMS 0x000000008f300000, 0x000000008f300000| Untracked 
|  78|0x000000008f400000, 0x000000008f400000, 0x000000008f500000|  0%| F|  |TAMS 0x000000008f400000, 0x000000008f400000| Untracked 
|  79|0x000000008f500000, 0x000000008f500000, 0x000000008f600000|  0%| F|  |TAMS 0x000000008f500000, 0x000000008f500000| Untracked 
|  80|0x000000008f600000, 0x000000008f600000, 0x000000008f700000|  0%| F|  |TAMS 0x000000008f600000, 0x000000008f600000| Untracked 
|  81|0x000000008f700000, 0x000000008f700000, 0x000000008f800000|  0%| F|  |TAMS 0x000000008f700000, 0x000000008f700000| Untracked 
|  82|0x000000008f800000, 0x000000008f800000, 0x000000008f900000|  0%| F|  |TAMS 0x000000008f800000, 0x000000008f800000| Untracked 
|  83|0x000000008f900000, 0x000000008f900000, 0x000000008fa00000|  0%| F|  |TAMS 0x000000008f900000, 0x000000008f900000| Untracked 
|  84|0x000000008fa00000, 0x000000008fa00000, 0x000000008fb00000|  0%| F|  |TAMS 0x000000008fa00000, 0x000000008fa00000| Untracked 
|  85|0x000000008fb00000, 0x000000008fb00000, 0x000000008fc00000|  0%| F|  |TAMS 0x000000008fb00000, 0x000000008fb00000| Untracked 
|  86|0x000000008fc00000, 0x000000008fc00000, 0x000000008fd00000|  0%| F|  |TAMS 0x000000008fc00000, 0x000000008fc00000| Untracked 
|  87|0x000000008fd00000, 0x000000008fd00000, 0x000000008fe00000|  0%| F|  |TAMS 0x000000008fd00000, 0x000000008fd00000| Untracked 
|  88|0x000000008fe00000, 0x000000008fe00000, 0x000000008ff00000|  0%| F|  |TAMS 0x000000008fe00000, 0x000000008fe00000| Untracked 
|  89|0x000000008ff00000, 0x000000008ff00000, 0x0000000090000000|  0%| F|  |TAMS 0x000000008ff00000, 0x000000008ff00000| Untracked 
|  90|0x0000000090000000, 0x0000000090000000, 0x0000000090100000|  0%| F|  |TAMS 0x0000000090000000, 0x0000000090000000| Untracked 
|  91|0x0000000090100000, 0x0000000090100000, 0x0000000090200000|  0%| F|  |TAMS 0x0000000090100000, 0x0000000090100000| Untracked 
|  92|0x0000000090200000, 0x0000000090200000, 0x0000000090300000|  0%| F|  |TAMS 0x0000000090200000, 0x0000000090200000| Untracked 
|  93|0x0000000090300000, 0x0000000090300000, 0x0000000090400000|  0%| F|  |TAMS 0x0000000090300000, 0x0000000090300000| Untracked 
|  94|0x0000000090400000, 0x0000000090400000, 0x0000000090500000|  0%| F|  |TAMS 0x0000000090400000, 0x0000000090400000| Untracked 
|  95|0x0000000090500000, 0x0000000090500000, 0x0000000090600000|  0%| F|  |TAMS 0x0000000090500000, 0x0000000090500000| Untracked 
|  96|0x0000000090600000, 0x0000000090600000, 0x0000000090700000|  0%| F|  |TAMS 0x0000000090600000, 0x0000000090600000| Untracked 
|  97|0x0000000090700000, 0x0000000090700000, 0x0000000090800000|  0%| F|  |TAMS 0x0000000090700000, 0x0000000090700000| Untracked 
|  98|0x0000000090800000, 0x0000000090800000, 0x0000000090900000|  0%| F|  |TAMS 0x0000000090800000, 0x0000000090800000| Untracked 
|  99|0x0000000090900000, 0x0000000090900000, 0x0000000090a00000|  0%| F|  |TAMS 0x0000000090900000, 0x0000000090900000| Untracked 
| 100|0x0000000090a00000, 0x0000000090a00000, 0x0000000090b00000|  0%| F|  |TAMS 0x0000000090a00000, 0x0000000090a00000| Untracked 
| 101|0x0000000090b00000, 0x0000000090b00000, 0x0000000090c00000|  0%| F|  |TAMS 0x0000000090b00000, 0x0000000090b00000| Untracked 
| 102|0x0000000090c00000, 0x0000000090c00000, 0x0000000090d00000|  0%| F|  |TAMS 0x0000000090c00000, 0x0000000090c00000| Untracked 
| 103|0x0000000090d00000, 0x0000000090d00000, 0x0000000090e00000|  0%| F|  |TAMS 0x0000000090d00000, 0x0000000090d00000| Untracked 
| 104|0x0000000090e00000, 0x0000000090e00000, 0x0000000090f00000|  0%| F|  |TAMS 0x0000000090e00000, 0x0000000090e00000| Untracked 
| 105|0x0000000090f00000, 0x0000000090f00000, 0x0000000091000000|  0%| F|  |TAMS 0x0000000090f00000, 0x0000000090f00000| Untracked 
| 106|0x0000000091000000, 0x0000000091000000, 0x0000000091100000|  0%| F|  |TAMS 0x0000000091000000, 0x0000000091000000| Untracked 
| 107|0x0000000091100000, 0x0000000091100000, 0x0000000091200000|  0%| F|  |TAMS 0x0000000091100000, 0x0000000091100000| Untracked 
| 108|0x0000000091200000, 0x0000000091200000, 0x0000000091300000|  0%| F|  |TAMS 0x0000000091200000, 0x0000000091200000| Untracked 
| 109|0x0000000091300000, 0x0000000091300000, 0x0000000091400000|  0%| F|  |TAMS 0x0000000091300000, 0x0000000091300000| Untracked 
| 110|0x0000000091400000, 0x0000000091400000, 0x0000000091500000|  0%| F|  |TAMS 0x0000000091400000, 0x0000000091400000| Untracked 
| 111|0x0000000091500000, 0x0000000091500000, 0x0000000091600000|  0%| F|  |TAMS 0x0000000091500000, 0x0000000091500000| Untracked 
| 112|0x0000000091600000, 0x0000000091600000, 0x0000000091700000|  0%| F|  |TAMS 0x0000000091600000, 0x0000000091600000| Untracked 
| 113|0x0000000091700000, 0x0000000091700000, 0x0000000091800000|  0%| F|  |TAMS 0x0000000091700000, 0x0000000091700000| Untracked 
| 114|0x0000000091800000, 0x0000000091800000, 0x0000000091900000|  0%| F|  |TAMS 0x0000000091800000, 0x0000000091800000| Untracked 
| 115|0x0000000091900000, 0x0000000091900000, 0x0000000091a00000|  0%| F|  |TAMS 0x0000000091900000, 0x0000000091900000| Untracked 
| 116|0x0000000091a00000, 0x0000000091af65c0, 0x0000000091b00000| 96%| E|  |TAMS 0x0000000091a00000, 0x0000000091a00000| Complete 
| 117|0x0000000091b00000, 0x0000000091c00000, 0x0000000091c00000|100%| E|CS|TAMS 0x0000000091b00000, 0x0000000091b00000| Complete 

Card table byte_map: [0x000001cf4d140000,0x000001cf4d4f0000] _byte_map_base: 0x000001cf4cced000

Marking Bits (Prev, Next): (CMBitMap*) 0x000001cf39d68dd8, (CMBitMap*) 0x000001cf39d68e10
 Prev Bits: [0x000001cf4d8a0000, 0x000001cf4f608000)
 Next Bits: [0x000001cf4f610000, 0x000001cf51378000)

Polling page: 0x000001cf39500000

Metaspace:

Usage:
  Non-class:      4.00 MB capacity,     2.88 MB ( 72%) used,     1.12 MB ( 28%) free+waste,    64 bytes ( <1%) overhead. 
      Class:    384.00 KB capacity,   275.20 KB ( 72%) used,   108.74 KB ( 28%) free+waste,    64 bytes ( <1%) overhead. 
       Both:      4.38 MB capacity,     3.15 MB ( 72%) used,     1.23 MB ( 28%) free+waste,   128 bytes ( <1%) overhead. 

Virtual space:
  Non-class space:        8.00 MB reserved,       4.00 MB ( 50%) committed 
      Class space:        1.00 GB reserved,     384.00 KB ( <1%) committed 
             Both:        1.01 GB reserved,       4.38 MB ( <1%) committed 

Chunk freelists:
   Non-Class:  0 bytes
       Class:  0 bytes
        Both:  0 bytes

MaxMetaspaceSize: 17179869184.00 GB
CompressedClassSpaceSize: 1.00 GB
Initial GC threshold: 20.80 MB
Current GC threshold: 20.80 MB
CDS: off

CodeHeap 'non-profiled nmethods': size=120000Kb used=15Kb max_used=15Kb free=119985Kb
 bounds [0x000001cf45310000, 0x000001cf45580000, 0x000001cf4c840000]
CodeHeap 'profiled nmethods': size=120000Kb used=107Kb max_used=107Kb free=119892Kb
 bounds [0x000001cf3dde0000, 0x000001cf3e050000, 0x000001cf45310000]
CodeHeap 'non-nmethods': size=5760Kb used=1014Kb max_used=1026Kb free=4745Kb
 bounds [0x000001cf3d840000, 0x000001cf3dab0000, 0x000001cf3dde0000]
 total_blobs=310 nmethods=77 adapters=146
 compilation: enabled
              stopped_count=0, restarted_count=0
 full_count=0

Compilation events (20 events):
Event: 0.134 Thread 0x000001cf549a1000 nmethod 67 0x000001cf3ddf6190 code [0x000001cf3ddf63a0, 0x000001cf3ddf68f8]
Event: 0.134 Thread 0x000001cf549a1000   68       3       java.util.HashSet::add (20 bytes)
Event: 0.134 Thread 0x000001cf549a1000 nmethod 68 0x000001cf3ddf6b10 code [0x000001cf3ddf6d00, 0x000001cf3ddf7138]
Event: 0.135 Thread 0x000001cf5499d000   69       4       java.util.ImmutableCollections$SetN$SetNIterator::hasNext (13 bytes)
Event: 0.135 Thread 0x000001cf549a1000   70       3       java.util.HashMap::resize (356 bytes)
Event: 0.135 Thread 0x000001cf5499d000 nmethod 69 0x000001cf45313190 code [0x000001cf45313320, 0x000001cf45313398]
Event: 0.135 Thread 0x000001cf5499d000   76       4       java.lang.String::hashCode (49 bytes)
Event: 0.135 Thread 0x000001cf549a1000 nmethod 70 0x000001cf3ddf7290 code [0x000001cf3ddf7560, 0x000001cf3ddf8988]
Event: 0.135 Thread 0x000001cf549a1000   72       3       jdk.internal.module.ModuleBootstrap$2::hasNext (30 bytes)
Event: 0.136 Thread 0x000001cf549a1000 nmethod 72 0x000001cf3ddf8e10 code [0x000001cf3ddf8fe0, 0x000001cf3ddf92f8]
Event: 0.136 Thread 0x000001cf549a1000   75       3       jdk.internal.module.ModuleBootstrap$2::next (52 bytes)
Event: 0.136 Thread 0x000001cf549a1000 nmethod 75 0x000001cf3ddf9410 code [0x000001cf3ddf9620, 0x000001cf3ddf9b28]
Event: 0.136 Thread 0x000001cf549a1000   78       3       java.util.HashMap::putIfAbsent (13 bytes)
Event: 0.136 Thread 0x000001cf549a1000 nmethod 78 0x000001cf3ddf9d10 code [0x000001cf3ddf9ee0, 0x000001cf3ddfa1d8]
Event: 0.136 Thread 0x000001cf549a1000   74       3       java.util.ImmutableCollections$MapN::get (35 bytes)
Event: 0.136 Thread 0x000001cf549a1000 nmethod 74 0x000001cf3ddfa310 code [0x000001cf3ddfa500, 0x000001cf3ddfa858]
Event: 0.136 Thread 0x000001cf549a1000   71       3       java.util.HashMap::<init> (11 bytes)
Event: 0.136 Thread 0x000001cf549a1000 nmethod 71 0x000001cf3ddfa990 code [0x000001cf3ddfab40, 0x000001cf3ddfacf8]
Event: 0.136 Thread 0x000001cf549a1000   73       1       java.lang.module.ModuleDescriptor::isOpen (5 bytes)
Event: 0.136 Thread 0x000001cf549a1000 nmethod 73 0x000001cf45313910 code [0x000001cf45313ac0, 0x000001cf45313b78]

GC Heap History (0 events):
No events

Deoptimization events (0 events):
No events

Classes redefined (0 events):
No events

Internal exceptions (0 events):
No events

Events (20 events):
Event: 0.133 loading class jdk/internal/module/IllegalAccessLogger$Mode done
Event: 0.133 loading class jdk/internal/module/IllegalAccessLogger$Builder
Event: 0.134 loading class jdk/internal/module/IllegalAccessLogger$Builder done
Event: 0.134 loading class java/util/HashMap$Values
Event: 0.134 loading class java/util/HashMap$Values done
Event: 0.134 loading class java/util/HashMap$ValueIterator
Event: 0.134 loading class java/util/HashMap$ValueIterator done
Event: 0.134 loading class jdk/internal/module/ModuleBootstrap$2
Event: 0.134 loading class jdk/internal/module/ModuleBootstrap$2 done
Event: 0.134 loading class java/util/HashMap$EntrySet
Event: 0.134 loading class java/util/HashMap$EntrySet done
Event: 0.134 loading class java/util/HashMap$EntryIterator
Event: 0.134 loading class java/util/HashMap$EntryIterator done
Event: 0.135 loading class jdk/internal/module/IllegalAccessLogger
Event: 0.135 loading class jdk/internal/module/IllegalAccessLogger done
Event: 0.136 Executing VM operation: EnableBiasedLocking
Event: 0.136 Executing VM operation: EnableBiasedLocking done
Event: 0.136 loading class jdk/internal/vm/PostVMInitHook
Event: 0.136 loading class jdk/internal/vm/PostVMInitHook done
Event: 0.137 loading class java/nio/CharBuffer


Dynamic libraries:
0x00007ff7ce0c0000 - 0x00007ff7ce0ca000 	C:\Program Files\Android\Android Studio\jre\bin\java.EXE
0x00007ffe34390000 - 0x00007ffe345a4000 	C:\WINDOWS\SYSTEM32\ntdll.dll
0x00007ffe33ae0000 - 0x00007ffe33ba2000 	C:\WINDOWS\System32\KERNEL32.DLL
0x00007ffe31d40000 - 0x00007ffe320e3000 	C:\WINDOWS\System32\KERNELBASE.dll
0x00007ffe31980000 - 0x00007ffe31a91000 	C:\WINDOWS\System32\ucrtbase.dll
0x00007ffde8f20000 - 0x00007ffde8f39000 	C:\Program Files\Android\Android Studio\jre\bin\jli.dll
0x00007ffe0f360000 - 0x00007ffe0f377000 	C:\Program Files\Android\Android Studio\jre\bin\VCRUNTIME140.dll
0x00007ffe321f0000 - 0x00007ffe3239b000 	C:\WINDOWS\System32\USER32.dll
0x00007ffe31950000 - 0x00007ffe31976000 	C:\WINDOWS\System32\win32u.dll
0x00007ffe17580000 - 0x00007ffe1780e000 	C:\WINDOWS\WinSxS\amd64_microsoft.windows.common-controls_6595b64144ccf1df_6.0.22621.1635_none_270f70857386168e\COMCTL32.dll
0x00007ffe34270000 - 0x00007ffe34299000 	C:\WINDOWS\System32\GDI32.dll
0x00007ffe333b0000 - 0x00007ffe33457000 	C:\WINDOWS\System32\msvcrt.dll
0x00007ffe31830000 - 0x00007ffe31949000 	C:\WINDOWS\System32\gdi32full.dll
0x00007ffe31790000 - 0x00007ffe3182a000 	C:\WINDOWS\System32\msvcp_win.dll
0x00007ffe33ce0000 - 0x00007ffe33d11000 	C:\WINDOWS\System32\IMM32.DLL
0x00007ffda3630000 - 0x00007ffda36cd000 	C:\Program Files\Android\Android Studio\jre\bin\msvcp140.dll
0x00007ffd71ce0000 - 0x00007ffd727e2000 	C:\Program Files\Android\Android Studio\jre\bin\server\jvm.dll
0x00007ffe33c30000 - 0x00007ffe33cde000 	C:\WINDOWS\System32\ADVAPI32.dll
0x00007ffe342a0000 - 0x00007ffe34344000 	C:\WINDOWS\System32\sechost.dll
0x00007ffe34150000 - 0x00007ffe34267000 	C:\WINDOWS\System32\RPCRT4.dll
0x00007ffe33460000 - 0x00007ffe33468000 	C:\WINDOWS\System32\PSAPI.DLL
0x00007ffe28840000 - 0x00007ffe28874000 	C:\WINDOWS\SYSTEM32\WINMM.dll
0x00007ffe28c30000 - 0x00007ffe28c3a000 	C:\WINDOWS\SYSTEM32\VERSION.dll
0x00007ffe116f0000 - 0x00007ffe116f9000 	C:\WINDOWS\SYSTEM32\WSOCK32.dll
0x00007ffe33bb0000 - 0x00007ffe33c21000 	C:\WINDOWS\System32\WS2_32.dll
0x00007ffe307a0000 - 0x00007ffe307b8000 	C:\WINDOWS\SYSTEM32\kernel.appcore.dll
0x00007ffde8c60000 - 0x00007ffde8c71000 	C:\Program Files\Android\Android Studio\jre\bin\verify.dll
0x00007ffe1de00000 - 0x00007ffe1e02e000 	C:\WINDOWS\SYSTEM32\DBGHELP.DLL
0x00007ffe32bb0000 - 0x00007ffe32f39000 	C:\WINDOWS\System32\combase.dll
0x00007ffe33470000 - 0x00007ffe33547000 	C:\WINDOWS\System32\OLEAUT32.dll
0x00007ffe12900000 - 0x00007ffe12932000 	C:\WINDOWS\SYSTEM32\dbgcore.DLL
0x00007ffe320f0000 - 0x00007ffe3216b000 	C:\WINDOWS\System32\bcryptPrimitives.dll
0x00007ffdca660000 - 0x00007ffdca689000 	C:\Program Files\Android\Android Studio\jre\bin\java.dll
0x00007ffe1aa90000 - 0x00007ffe1aa9b000 	C:\Program Files\Android\Android Studio\jre\bin\jimage.dll
0x00007ffde5b80000 - 0x00007ffde5b98000 	C:\Program Files\Android\Android Studio\jre\bin\zip.dll
0x00007ffe323a0000 - 0x00007ffe32b9a000 	C:\WINDOWS\System32\SHELL32.dll
0x00007ffe2f740000 - 0x00007ffe3000e000 	C:\WINDOWS\SYSTEM32\windows.storage.dll
0x00007ffe2f600000 - 0x00007ffe2f73e000 	C:\WINDOWS\SYSTEM32\wintypes.dll
0x00007ffe33550000 - 0x00007ffe33641000 	C:\WINDOWS\System32\SHCORE.dll
0x00007ffe33190000 - 0x00007ffe331ee000 	C:\WINDOWS\System32\shlwapi.dll
0x00007ffe316c0000 - 0x00007ffe316e1000 	C:\WINDOWS\SYSTEM32\profapi.dll

dbghelp: loaded successfully - version: 4.0.5 - missing functions: none
symbol engine: initialized successfully - sym options: 0x614 - pdb path: .;C:\Program Files\Android\Android Studio\jre\bin;C:\WINDOWS\SYSTEM32;C:\WINDOWS\WinSxS\amd64_microsoft.windows.common-controls_6595b64144ccf1df_6.0.22621.1635_none_270f70857386168e;C:\Program Files\Android\Android Studio\jre\bin\server

VM Arguments:
java_command: <unknown>
java_class_path (initial): <not set>
Launcher Type: SUN_STANDARD

[Global flags]
     intx CICompilerCount                          = 4                                         {product} {ergonomic}
     uint ConcGCThreads                            = 3                                         {product} {ergonomic}
     uint G1ConcRefinementThreads                  = 10                                        {product} {ergonomic}
   size_t G1HeapRegionSize                         = 1048576                                   {product} {ergonomic}
    uintx GCDrainStackTargetSize                   = 64                                        {product} {ergonomic}
   size_t InitialHeapSize                          = 123731968                                 {product} {ergonomic}
   size_t MarkStackSize                            = 4194304                                   {product} {ergonomic}
   size_t MaxHeapSize                              = 1973420032                                {product} {ergonomic}
   size_t MaxNewSize                               = 1183842304                                {product} {ergonomic}
   size_t MinHeapDeltaBytes                        = 1048576                                   {product} {ergonomic}
    uintx NonNMethodCodeHeapSize                   = 5836300                                {pd product} {ergonomic}
    uintx NonProfiledCodeHeapSize                  = 122910970                              {pd product} {ergonomic}
    uintx ProfiledCodeHeapSize                     = 122910970                              {pd product} {ergonomic}
    uintx ReservedCodeCacheSize                    = 251658240                              {pd product} {ergonomic}
     bool SegmentedCodeCache                       = true                                      {product} {ergonomic}
     bool UseCompressedClassPointers               = true                                 {lp64_product} {ergonomic}
     bool UseCompressedOops                        = true                                 {lp64_product} {ergonomic}
     bool UseG1GC                                  = true                                      {product} {ergonomic}
     bool UseLargePagesIndividualAllocation        = false                                  {pd product} {ergonomic}

Logging:
Log output configuration:
 #0: stdout all=warning uptime,level,tags
 #1: stderr all=off uptime,level,tags

Environment Variables:
PATH=C:\Users\Shobhit\Downloads\flutter_windows_3.0.2-stable\flutter\bin\;C:\windows\system32;C:\windows;C:\windows\System32\Wbem;C:\windows\System32\WindowsPowerShell\v1.0\;C:\windows\System32\OpenSSH\;C:\Program Files (x86)\NVIDIA Corporation\PhysX\Common;C:\Program Files\NVIDIA Corporation\NVIDIA NvDLISR;C:\Program Files\Git\cmd;C:\Users\Shobhit\Downloads\flutter_windows_3.0.2-stable\flutter\bin;C:\Program Files\MySQL\MySQL Server 8.0\bin;;%SystemRoot%\system32;%SystemRoot%;%SystemRoot%\System32\Wbem;%SYSTEMROOT%\System32\WindowsPowerShell\v1.0\;%SYSTEMROOT%\System32\OpenSSH\;C:\Program Files\MySQL\MySQL Shell 8.0\bin\;C:\MinGW\bin;C:\Users\Shobhit\AppData\Local\Programs\Microsoft VS Code\bin;C:\Program Files\JetBrains\IntelliJ IDEA Community Edition 2022.3.1\bin;;C:\Users\Shobhit\AppData\Local\Microsoft\WindowsApps;;C:\Users\Shobhit\Downloads\flutter_windows_3.0.2-stable\flutter\bin\mingit\cmd
USERNAME=Shobhit
LANG=en_US.UTF-8
OS=Windows_NT
PROCESSOR_IDENTIFIER=AMD64 Family 25 Model 80 Stepping 0, AuthenticAMD



---------------  S Y S T E M  ---------------

OS: Windows 11 , 64 bit Build 22621 (10.0.22621.1778)
OS uptime: 2 days 21:25 hours
Hyper-V role detected

CPU:total 12 (initial active 12) (12 cores per cpu, 2 threads per core) family 25 model 80 stepping 0 microcode 0x0, cmov, cx8, fxsr, mmx, sse, sse2, sse3, ssse3, sse4.1, sse4.2, popcnt, avx, avx2, aes, clmul, erms, mmxext, 3dnowpref, lzcnt, sse4a, ht, tsc, tscinvbit, tscinv, bmi1, bmi2, adx, sha, fma

Memory: 4k page, system-wide physical 7521M (89M free)
TotalPageFile size 20021M (AvailPageFile size 0M)
current process WorkingSet (physical memory assigned to process): 31M, peak: 31M
current process commit charge ("private bytes"): 196M, peak: 196M

vm_info: OpenJDK 64-Bit Server VM (11.0.13+0-b1751.21-8125866) for windows-amd64 JRE (11.0.13+0-b1751.21-8125866), built on Feb  2 2022 03:00:22 by "builder" with MS VC++ 14.0 (VS2015)

END.
